INFO:SIM:[509 BC] 1000 romans soldiers and 0 socii soldiers faces 5000 etruscans soldiers.
INFO:SIM:[509 BC] The roman republic lost against the etruscans. It lost 1 unit of territory to the Etruscans.
INFO:SIM:[509 BC] 200 romans soldiers died.
INFO:SIM:[509 BC] Size of the roman republic : 4.
INFO:SIM:[509 BC] After this battle, the senatorial anti-war faction gain influence at the expanse of the pro-war faction.
INFO:SIM:[509 BC] The pro-war faction have an influence of 35%.
INFO:SIM:[509 BC] The conditions of Rome is critical. The senate is wary to declare new wars.
INFO:SIM:[509 BC] The senate negotiates a peace with the Etruscans. The etruscans accept a peace in exchange of a tribute.
INFO:SIM:[509 BC] 200 new citizens of Rome are ready for war.
INFO:SIM:[509 BC] The roman republic have 1000 soldiers (without socii).
INFO:SIM:[507 BC] 200 new citizens of Rome are ready for war.
INFO:SIM:[507 BC] The roman republic have 1200 soldiers (without socii).
INFO:SIM:[506 BC] 200 new citizens of Rome are ready for war.
INFO:SIM:[506 BC] The roman republic have 1400 soldiers (without socii).
INFO:SIM:[504 BC] 200 new citizens of Rome are ready for war.
INFO:SIM:[504 BC] The roman republic have 1600 soldiers (without socii).
INFO:SIM:[502 BC] The romans become more thirsty for war after this period of peace. The pro-war faction benefits.
INFO:SIM:[502 BC] The pro-war faction have an influence of 40%.
INFO:SIM:[502 BC] 200 new citizens of Rome are ready for war.
INFO:SIM:[502 BC] The roman republic have 1800 soldiers (without socii).
INFO:SIM:[500 BC] The romans become more thirsty for war after this period of peace. The pro-war faction benefits.
INFO:SIM:[500 BC] The pro-war faction have an influence of 45%.
INFO:SIM:[499 BC] The romans become more thirsty for war after this period of peace. The pro-war faction benefits.
INFO:SIM:[499 BC] The pro-war faction have an influence of 50%.
INFO:SIM:[499 BC] 200 new citizens of Rome are ready for war.
INFO:SIM:[499 BC] The roman republic have 2000 soldiers (without socii).
INFO:SIM:[498 BC] The conditions of Rome improved. The senate is more prone to declare new wars.
INFO:SIM:[496 BC] A consul seek glory. The Roman republic declare war on a neighbor.
INFO:SIM:[496 BC] 200 new citizens of Rome are ready for war.
INFO:SIM:[496 BC] The roman republic have 2200 soldiers (without socii).
INFO:SIM:[495 BC] 2200 romans soldiers and 0 socii soldiers faces 3000 soldiers from a neighbor.
INFO:SIM:[495 BC] The roman republic won a battle against a neighbor. The war advances.
INFO:SIM:[495 BC] After this battle, the senatorial pro-war faction gain influence at the expanse of the anti-war faction.
INFO:SIM:[495 BC] The pro-war faction have an influence of 55%.
INFO:SIM:[495 BC] 200 new citizens of Rome are ready for war.
INFO:SIM:[495 BC] The roman republic have 2400 soldiers (without socii).
INFO:SIM:[494 BC] 2400 romans soldiers and 0 socii soldiers faces 3000 soldiers from a neighbor.
INFO:SIM:[494 BC] The roman republic lost a battle against a neighbor. The war stalls.
INFO:SIM:[494 BC] 200 romans soldiers died.
INFO:SIM:[494 BC] After this battle, the senatorial anti-war faction gain influence at the expanse of the pro-war faction.
INFO:SIM:[494 BC] The pro-war faction have an influence of 50%.
INFO:SIM:[494 BC] 200 new citizens of Rome are ready for war.
INFO:SIM:[494 BC] The roman republic have 2400 soldiers (without socii).
INFO:SIM:[493 BC] 2400 romans soldiers and 0 socii soldiers faces 3000 soldiers from a neighbor.
INFO:SIM:[493 BC] The roman republic won a battle against a neighbor. The war advances.
INFO:SIM:[493 BC] After this battle, the senatorial pro-war faction gain influence at the expanse of the anti-war faction.
INFO:SIM:[493 BC] The pro-war faction have an influence of 55%.
INFO:SIM:[492 BC] 2400 romans soldiers and 0 socii soldiers faces 3000 soldiers from a neighbor.
INFO:SIM:[492 BC] The roman republic won a battle against a neighbor. The war advances.
INFO:SIM:[492 BC] After this battle, the senatorial pro-war faction gain influence at the expanse of the anti-war faction.
INFO:SIM:[492 BC] The pro-war faction have an influence of 60%.
INFO:SIM:[491 BC] 2400 romans soldiers and 0 socii soldiers faces 3000 soldiers from a neighbor.
INFO:SIM:[491 BC] The roman republic won a battle against a neighbor. The war advances.
INFO:SIM:[491 BC] After this battle, the senatorial pro-war faction gain influence at the expanse of the anti-war faction.
INFO:SIM:[491 BC] The pro-war faction have an influence of 65%.
INFO:SIM:[490 BC] 2400 romans soldiers and 0 socii soldiers faces 3000 soldiers from a neighbor.
INFO:SIM:[490 BC] The roman republic won a battle against a neighbor. The war advances.
INFO:SIM:[490 BC] After this battle, the senatorial pro-war faction gain influence at the expanse of the anti-war faction.
INFO:SIM:[490 BC] The pro-war faction have an influence of 70%.
INFO:SIM:[490 BC] The roman republic won the war against its neighbor. It annexes partially its territory
INFO:SIM:[490 BC] The defeated neighbor will contributes 2000 soldiers to future campaigns.
INFO:SIM:[490 BC] The socii contributes up to 2000 soldiers.
INFO:SIM:[490 BC] Size of the roman republic : 8.
INFO:SIM:[490 BC] The senatorial pro-war faction ideas are applauded after this victory.
INFO:SIM:[490 BC] The pro-war faction have an influence of 80%.
INFO:SIM:[489 BC] The romans become more thirsty for war after this period of peace. The pro-war faction benefits.
INFO:SIM:[489 BC] The pro-war faction have an influence of 85%.
INFO:SIM:[489 BC] 200 new citizens of Rome are ready for war.
INFO:SIM:[489 BC] The roman republic have 2600 soldiers (without socii).
INFO:SIM:[488 BC] A consul seek glory. The Roman republic declare war on a neighbor.
INFO:SIM:[487 BC] 2600 romans soldiers and 2000 socii soldiers faces 3000 soldiers from a neighbor.
INFO:SIM:[487 BC] The roman republic won a battle against a neighbor. The war advances.
INFO:SIM:[487 BC] After this battle, the senatorial pro-war faction gain influence at the expanse of the anti-war faction.
INFO:SIM:[487 BC] The pro-war faction have an influence of 90%.
INFO:SIM:[487 BC] 200 new citizens of Rome are ready for war.
INFO:SIM:[487 BC] The roman republic have 2800 soldiers (without socii).
INFO:SIM:[486 BC] 2800 romans soldiers and 2000 socii soldiers faces 3000 soldiers from a neighbor.
INFO:SIM:[486 BC] The roman republic lost a battle against a neighbor. The war stalls.
INFO:SIM:[486 BC] 200 romans soldiers died.
INFO:SIM:[486 BC] After this battle, the senatorial anti-war faction gain influence at the expanse of the pro-war faction.
INFO:SIM:[486 BC] The pro-war faction have an influence of 85%.
INFO:SIM:[485 BC] 2600 romans soldiers and 2000 socii soldiers faces 3000 soldiers from a neighbor.
INFO:SIM:[485 BC] The roman republic lost a battle against a neighbor. The war stalls.
INFO:SIM:[485 BC] 200 romans soldiers died.
INFO:SIM:[485 BC] After this battle, the senatorial anti-war faction gain influence at the expanse of the pro-war faction.
INFO:SIM:[485 BC] The pro-war faction have an influence of 80%.
INFO:SIM:[485 BC] 200 new citizens of Rome are ready for war.
INFO:SIM:[485 BC] The roman republic have 2600 soldiers (without socii).
INFO:SIM:[484 BC] 2600 romans soldiers and 2000 socii soldiers faces 3000 soldiers from a neighbor.
INFO:SIM:[484 BC] The roman republic won a battle against a neighbor. The war advances.
INFO:SIM:[484 BC] After this battle, the senatorial pro-war faction gain influence at the expanse of the anti-war faction.
INFO:SIM:[484 BC] The pro-war faction have an influence of 85%.
INFO:SIM:[483 BC] 2600 romans soldiers and 2000 socii soldiers faces 3000 soldiers from a neighbor.
INFO:SIM:[483 BC] The roman republic won a battle against a neighbor. The war advances.
INFO:SIM:[483 BC] After this battle, the senatorial pro-war faction gain influence at the expanse of the anti-war faction.
INFO:SIM:[483 BC] The pro-war faction have an influence of 90%.
INFO:SIM:[483 BC] 200 new citizens of Rome are ready for war.
INFO:SIM:[483 BC] The roman republic have 2800 soldiers (without socii).
INFO:SIM:[482 BC] 2800 romans soldiers and 2000 socii soldiers faces 3000 soldiers from a neighbor.
INFO:SIM:[482 BC] The roman republic won a battle against a neighbor. The war advances.
INFO:SIM:[482 BC] After this battle, the senatorial pro-war faction gain influence at the expanse of the anti-war faction.
INFO:SIM:[482 BC] The pro-war faction have an influence of 95%.
INFO:SIM:[481 BC] 2800 romans soldiers and 2000 socii soldiers faces 3000 soldiers from a neighbor.
INFO:SIM:[481 BC] The roman republic won a battle against a neighbor. The war advances.
INFO:SIM:[481 BC] After this battle, the senatorial pro-war faction gain influence at the expanse of the anti-war faction.
INFO:SIM:[481 BC] The pro-war faction have an influence of 100%.
INFO:SIM:[480 BC] 2800 romans soldiers and 2000 socii soldiers faces 3000 soldiers from a neighbor.
INFO:SIM:[480 BC] The roman republic lost a battle against a neighbor. The war stalls.
INFO:SIM:[480 BC] 200 romans soldiers died.
INFO:SIM:[480 BC] After this battle, the senatorial anti-war faction gain influence at the expanse of the pro-war faction.
INFO:SIM:[480 BC] The pro-war faction have an influence of 95%.
INFO:SIM:[479 BC] 2600 romans soldiers and 2000 socii soldiers faces 3000 soldiers from a neighbor.
INFO:SIM:[479 BC] The roman republic lost a battle against a neighbor. The war stalls.
INFO:SIM:[479 BC] 200 romans soldiers died.
INFO:SIM:[479 BC] After this battle, the senatorial anti-war faction gain influence at the expanse of the pro-war faction.
INFO:SIM:[479 BC] The pro-war faction have an influence of 90%.
INFO:SIM:[478 BC] 2400 romans soldiers and 2000 socii soldiers faces 3000 soldiers from a neighbor.
INFO:SIM:[478 BC] The roman republic won a battle against a neighbor. The war advances.
INFO:SIM:[478 BC] After this battle, the senatorial pro-war faction gain influence at the expanse of the anti-war faction.
INFO:SIM:[478 BC] The pro-war faction have an influence of 95%.
INFO:SIM:[478 BC] 200 new citizens of Rome are ready for war.
INFO:SIM:[478 BC] The roman republic have 2600 soldiers (without socii).
INFO:SIM:[477 BC] 2600 romans soldiers and 2000 socii soldiers faces 3000 soldiers from a neighbor.
INFO:SIM:[477 BC] The roman republic won a battle against a neighbor. The war advances.
INFO:SIM:[477 BC] After this battle, the senatorial pro-war faction gain influence at the expanse of the anti-war faction.
INFO:SIM:[477 BC] The pro-war faction have an influence of 100%.
INFO:SIM:[476 BC] 2600 romans soldiers and 2000 socii soldiers faces 3000 soldiers from a neighbor.
INFO:SIM:[476 BC] The roman republic won a battle against a neighbor. The war advances.
INFO:SIM:[476 BC] After this battle, the senatorial pro-war faction gain influence at the expanse of the anti-war faction.
INFO:SIM:[476 BC] The pro-war faction have an influence of 100%.
INFO:SIM:[476 BC] The roman republic won the war against its neighbor. It annexes partially its territory
INFO:SIM:[476 BC] The defeated neighbor will contributes 2000 soldiers to future campaigns.
INFO:SIM:[476 BC] The socii contributes up to 4000 soldiers.
INFO:SIM:[476 BC] Size of the roman republic : 12.
INFO:SIM:[476 BC] The senatorial pro-war faction ideas are applauded after this victory.
INFO:SIM:[476 BC] The pro-war faction have an influence of 100%.
INFO:SIM:[476 BC] 200 new citizens of Rome are ready for war.
INFO:SIM:[476 BC] The roman republic have 2800 soldiers (without socii).
INFO:SIM:[475 BC] The romans become more thirsty for war after this period of peace. The pro-war faction benefits.
INFO:SIM:[475 BC] The pro-war faction have an influence of 100%.
INFO:SIM:[474 BC] A consul seek glory. The Roman republic declare war on a neighbor.
INFO:SIM:[473 BC] 2800 romans soldiers and 4000 socii soldiers faces 3000 soldiers from a neighbor.
INFO:SIM:[473 BC] The roman republic won a battle against a neighbor. The war advances.
INFO:SIM:[473 BC] After this battle, the senatorial pro-war faction gain influence at the expanse of the anti-war faction.
INFO:SIM:[473 BC] The pro-war faction have an influence of 100%.
INFO:SIM:[473 BC] 200 new citizens of Rome are ready for war.
INFO:SIM:[473 BC] The roman republic have 3000 soldiers (without socii).
INFO:SIM:[472 BC] 3000 romans soldiers and 4000 socii soldiers faces 3000 soldiers from a neighbor.
INFO:SIM:[472 BC] The roman republic lost a battle against a neighbor. The war stalls.
INFO:SIM:[472 BC] 200 romans soldiers died.
INFO:SIM:[472 BC] After this battle, the senatorial anti-war faction gain influence at the expanse of the pro-war faction.
INFO:SIM:[472 BC] The pro-war faction have an influence of 95%.
INFO:SIM:[471 BC] 2800 romans soldiers and 4000 socii soldiers faces 3000 soldiers from a neighbor.
INFO:SIM:[471 BC] The roman republic won a battle against a neighbor. The war advances.
INFO:SIM:[471 BC] After this battle, the senatorial pro-war faction gain influence at the expanse of the anti-war faction.
INFO:SIM:[471 BC] The pro-war faction have an influence of 100%.
INFO:SIM:[471 BC] 200 new citizens of Rome are ready for war.
INFO:SIM:[471 BC] The roman republic have 3000 soldiers (without socii).
INFO:SIM:[470 BC] 3000 romans soldiers and 4000 socii soldiers faces 3000 soldiers from a neighbor.
INFO:SIM:[470 BC] The roman republic won a battle against a neighbor. The war advances.
INFO:SIM:[470 BC] After this battle, the senatorial pro-war faction gain influence at the expanse of the anti-war faction.
INFO:SIM:[470 BC] The pro-war faction have an influence of 100%.
INFO:SIM:[470 BC] 200 new citizens of Rome are ready for war.
INFO:SIM:[470 BC] The roman republic have 3200 soldiers (without socii).
INFO:SIM:[469 BC] 3200 romans soldiers and 4000 socii soldiers faces 3000 soldiers from a neighbor.
INFO:SIM:[469 BC] The roman republic won a battle against a neighbor. The war advances.
INFO:SIM:[469 BC] After this battle, the senatorial pro-war faction gain influence at the expanse of the anti-war faction.
INFO:SIM:[469 BC] The pro-war faction have an influence of 100%.
INFO:SIM:[468 BC] 3200 romans soldiers and 4000 socii soldiers faces 3000 soldiers from a neighbor.
INFO:SIM:[468 BC] The roman republic won a battle against a neighbor. The war advances.
INFO:SIM:[468 BC] After this battle, the senatorial pro-war faction gain influence at the expanse of the anti-war faction.
INFO:SIM:[468 BC] The pro-war faction have an influence of 100%.
INFO:SIM:[468 BC] The roman republic won the war against its neighbor. It annexes partially its territory
INFO:SIM:[468 BC] The defeated neighbor will contributes 2000 soldiers to future campaigns.
INFO:SIM:[468 BC] The socii contributes up to 6000 soldiers.
INFO:SIM:[468 BC] Size of the roman republic : 16.
INFO:SIM:[468 BC] The senatorial pro-war faction ideas are applauded after this victory.
INFO:SIM:[468 BC] The pro-war faction have an influence of 100%.
INFO:SIM:[468 BC] The romans become more thirsty for war after this period of peace. The pro-war faction benefits.
INFO:SIM:[468 BC] The pro-war faction have an influence of 100%.
INFO:SIM:[467 BC] The romans become more thirsty for war after this period of peace. The pro-war faction benefits.
INFO:SIM:[467 BC] The pro-war faction have an influence of 100%.
INFO:SIM:[466 BC] A consul seek glory. The Roman republic declare war on a neighbor.
INFO:SIM:[465 BC] 3200 romans soldiers and 6000 socii soldiers faces 3000 soldiers from a neighbor.
INFO:SIM:[465 BC] The roman republic won a battle against a neighbor. The war advances.
INFO:SIM:[465 BC] After this battle, the senatorial pro-war faction gain influence at the expanse of the anti-war faction.
INFO:SIM:[465 BC] The pro-war faction have an influence of 100%.
INFO:SIM:[464 BC] 3200 romans soldiers and 6000 socii soldiers faces 3000 soldiers from a neighbor.
INFO:SIM:[464 BC] The roman republic won a battle against a neighbor. The war advances.
INFO:SIM:[464 BC] After this battle, the senatorial pro-war faction gain influence at the expanse of the anti-war faction.
INFO:SIM:[464 BC] The pro-war faction have an influence of 100%.
INFO:SIM:[464 BC] 200 new citizens of Rome are ready for war.
INFO:SIM:[464 BC] The roman republic have 3400 soldiers (without socii).
INFO:SIM:[463 BC] 3400 romans soldiers and 6000 socii soldiers faces 3000 soldiers from a neighbor.
INFO:SIM:[463 BC] The roman republic lost a battle against a neighbor. The war stalls.
INFO:SIM:[463 BC] 200 romans soldiers died.
INFO:SIM:[463 BC] After this battle, the senatorial anti-war faction gain influence at the expanse of the pro-war faction.
INFO:SIM:[463 BC] The pro-war faction have an influence of 95%.
INFO:SIM:[462 BC] 3200 romans soldiers and 6000 socii soldiers faces 3000 soldiers from a neighbor.
INFO:SIM:[462 BC] The roman republic won a battle against a neighbor. The war advances.
INFO:SIM:[462 BC] After this battle, the senatorial pro-war faction gain influence at the expanse of the anti-war faction.
INFO:SIM:[462 BC] The pro-war faction have an influence of 100%.
INFO:SIM:[461 BC] 3200 romans soldiers and 6000 socii soldiers faces 3000 soldiers from a neighbor.
INFO:SIM:[461 BC] The roman republic won a battle against a neighbor. The war advances.
INFO:SIM:[461 BC] After this battle, the senatorial pro-war faction gain influence at the expanse of the anti-war faction.
INFO:SIM:[461 BC] The pro-war faction have an influence of 100%.
INFO:SIM:[461 BC] 200 new citizens of Rome are ready for war.
INFO:SIM:[461 BC] The roman republic have 3400 soldiers (without socii).
INFO:SIM:[460 BC] 3400 romans soldiers and 6000 socii soldiers faces 3000 soldiers from a neighbor.
INFO:SIM:[460 BC] The roman republic won a battle against a neighbor. The war advances.
INFO:SIM:[460 BC] After this battle, the senatorial pro-war faction gain influence at the expanse of the anti-war faction.
INFO:SIM:[460 BC] The pro-war faction have an influence of 100%.
INFO:SIM:[460 BC] The roman republic won the war against its neighbor. It annexes partially its territory
INFO:SIM:[460 BC] The defeated neighbor will contributes 2000 soldiers to future campaigns.
INFO:SIM:[460 BC] The socii contributes up to 8000 soldiers.
INFO:SIM:[460 BC] Size of the roman republic : 20.
INFO:SIM:[460 BC] The senatorial pro-war faction ideas are applauded after this victory.
INFO:SIM:[460 BC] The pro-war faction have an influence of 100%.
INFO:SIM:[458 BC] A consul seek glory. The Roman republic declare war on a neighbor.
INFO:SIM:[457 BC] 3400 romans soldiers and 8000 socii soldiers faces 3000 soldiers from a neighbor.
INFO:SIM:[457 BC] The roman republic won a battle against a neighbor. The war advances.
INFO:SIM:[457 BC] After this battle, the senatorial pro-war faction gain influence at the expanse of the anti-war faction.
INFO:SIM:[457 BC] The pro-war faction have an influence of 100%.
INFO:SIM:[457 BC] 200 new citizens of Rome are ready for war.
INFO:SIM:[457 BC] The roman republic have 3600 soldiers (without socii).
INFO:SIM:[456 BC] 3600 romans soldiers and 8000 socii soldiers faces 3000 soldiers from a neighbor.
INFO:SIM:[456 BC] The roman republic won a battle against a neighbor. The war advances.
INFO:SIM:[456 BC] After this battle, the senatorial pro-war faction gain influence at the expanse of the anti-war faction.
INFO:SIM:[456 BC] The pro-war faction have an influence of 100%.
INFO:SIM:[455 BC] 3600 romans soldiers and 8000 socii soldiers faces 3000 soldiers from a neighbor.
INFO:SIM:[455 BC] The roman republic won a battle against a neighbor. The war advances.
INFO:SIM:[455 BC] After this battle, the senatorial pro-war faction gain influence at the expanse of the anti-war faction.
INFO:SIM:[455 BC] The pro-war faction have an influence of 100%.
INFO:SIM:[454 BC] 3600 romans soldiers and 8000 socii soldiers faces 3000 soldiers from a neighbor.
INFO:SIM:[454 BC] The roman republic won a battle against a neighbor. The war advances.
INFO:SIM:[454 BC] After this battle, the senatorial pro-war faction gain influence at the expanse of the anti-war faction.
INFO:SIM:[454 BC] The pro-war faction have an influence of 100%.
INFO:SIM:[454 BC] The roman republic won the war against its neighbor. It annexes partially its territory
INFO:SIM:[454 BC] The defeated neighbor will contributes 2000 soldiers to future campaigns.
INFO:SIM:[454 BC] The socii contributes up to 10000 soldiers.
INFO:SIM:[454 BC] Size of the roman republic : 24.
INFO:SIM:[454 BC] The senatorial pro-war faction ideas are applauded after this victory.
INFO:SIM:[454 BC] The pro-war faction have an influence of 100%.
INFO:SIM:[454 BC] The romans become more thirsty for war after this period of peace. The pro-war faction benefits.
INFO:SIM:[454 BC] The pro-war faction have an influence of 100%.
INFO:SIM:[454 BC] A consul seek glory. The Roman republic declare war on a neighbor.
INFO:SIM:[453 BC] 3600 romans soldiers and 10000 socii soldiers faces 3000 soldiers from a neighbor.
INFO:SIM:[453 BC] The roman republic lost a battle against a neighbor. The war stalls.
INFO:SIM:[453 BC] 200 romans soldiers died.
INFO:SIM:[453 BC] After this battle, the senatorial anti-war faction gain influence at the expanse of the pro-war faction.
INFO:SIM:[453 BC] The pro-war faction have an influence of 95%.
INFO:SIM:[452 BC] 3400 romans soldiers and 10000 socii soldiers faces 3000 soldiers from a neighbor.
INFO:SIM:[452 BC] The roman republic won a battle against a neighbor. The war advances.
INFO:SIM:[452 BC] After this battle, the senatorial pro-war faction gain influence at the expanse of the anti-war faction.
INFO:SIM:[452 BC] The pro-war faction have an influence of 100%.
INFO:SIM:[451 BC] 3400 romans soldiers and 10000 socii soldiers faces 3000 soldiers from a neighbor.
INFO:SIM:[451 BC] The roman republic won a battle against a neighbor. The war advances.
INFO:SIM:[451 BC] After this battle, the senatorial pro-war faction gain influence at the expanse of the anti-war faction.
INFO:SIM:[451 BC] The pro-war faction have an influence of 100%.
INFO:SIM:[450 BC] 3400 romans soldiers and 10000 socii soldiers faces 3000 soldiers from a neighbor.
INFO:SIM:[450 BC] The roman republic won a battle against a neighbor. The war advances.
INFO:SIM:[450 BC] After this battle, the senatorial pro-war faction gain influence at the expanse of the anti-war faction.
INFO:SIM:[450 BC] The pro-war faction have an influence of 100%.
INFO:SIM:[450 BC] 200 new citizens of Rome are ready for war.
INFO:SIM:[450 BC] The roman republic have 3600 soldiers (without socii).
INFO:SIM:[449 BC] 3600 romans soldiers and 10000 socii soldiers faces 3000 soldiers from a neighbor.
INFO:SIM:[449 BC] The roman republic lost a battle against a neighbor. The war stalls.
INFO:SIM:[449 BC] 200 romans soldiers died.
INFO:SIM:[449 BC] After this battle, the senatorial anti-war faction gain influence at the expanse of the pro-war faction.
INFO:SIM:[449 BC] The pro-war faction have an influence of 95%.
INFO:SIM:[448 BC] 3400 romans soldiers and 10000 socii soldiers faces 3000 soldiers from a neighbor.
INFO:SIM:[448 BC] The roman republic won a battle against a neighbor. The war advances.
INFO:SIM:[448 BC] After this battle, the senatorial pro-war faction gain influence at the expanse of the anti-war faction.
INFO:SIM:[448 BC] The pro-war faction have an influence of 100%.
INFO:SIM:[447 BC] 3400 romans soldiers and 10000 socii soldiers faces 3000 soldiers from a neighbor.
INFO:SIM:[447 BC] The roman republic won a battle against a neighbor. The war advances.
INFO:SIM:[447 BC] After this battle, the senatorial pro-war faction gain influence at the expanse of the anti-war faction.
INFO:SIM:[447 BC] The pro-war faction have an influence of 100%.
INFO:SIM:[446 BC] 3400 romans soldiers and 10000 socii soldiers faces 3000 soldiers from a neighbor.
INFO:SIM:[446 BC] The roman republic won a battle against a neighbor. The war advances.
INFO:SIM:[446 BC] After this battle, the senatorial pro-war faction gain influence at the expanse of the anti-war faction.
INFO:SIM:[446 BC] The pro-war faction have an influence of 100%.
INFO:SIM:[446 BC] The roman republic won the war against its neighbor. It annexes partially its territory
INFO:SIM:[446 BC] The defeated neighbor will contributes 2000 soldiers to future campaigns.
INFO:SIM:[446 BC] The socii contributes up to 12000 soldiers.
INFO:SIM:[446 BC] Size of the roman republic : 28.
INFO:SIM:[446 BC] The senatorial pro-war faction ideas are applauded after this victory.
INFO:SIM:[446 BC] The pro-war faction have an influence of 100%.
INFO:SIM:[446 BC] The romans become more thirsty for war after this period of peace. The pro-war faction benefits.
INFO:SIM:[446 BC] The pro-war faction have an influence of 100%.
INFO:SIM:[445 BC] The romans become more thirsty for war after this period of peace. The pro-war faction benefits.
INFO:SIM:[445 BC] The pro-war faction have an influence of 100%.
INFO:SIM:[445 BC] A consul seek glory. The Roman republic declare war on a neighbor.
INFO:SIM:[445 BC] 200 new citizens of Rome are ready for war.
INFO:SIM:[445 BC] The roman republic have 3600 soldiers (without socii).
INFO:SIM:[444 BC] 3600 romans soldiers and 12000 socii soldiers faces 3000 soldiers from a neighbor.
INFO:SIM:[444 BC] The roman republic won a battle against a neighbor. The war advances.
INFO:SIM:[444 BC] After this battle, the senatorial pro-war faction gain influence at the expanse of the anti-war faction.
INFO:SIM:[444 BC] The pro-war faction have an influence of 100%.
INFO:SIM:[443 BC] 3600 romans soldiers and 12000 socii soldiers faces 3000 soldiers from a neighbor.
INFO:SIM:[443 BC] The roman republic won a battle against a neighbor. The war advances.
INFO:SIM:[443 BC] After this battle, the senatorial pro-war faction gain influence at the expanse of the anti-war faction.
INFO:SIM:[443 BC] The pro-war faction have an influence of 100%.
INFO:SIM:[442 BC] 3600 romans soldiers and 12000 socii soldiers faces 3000 soldiers from a neighbor.
INFO:SIM:[442 BC] The roman republic won a battle against a neighbor. The war advances.
INFO:SIM:[442 BC] After this battle, the senatorial pro-war faction gain influence at the expanse of the anti-war faction.
INFO:SIM:[442 BC] The pro-war faction have an influence of 100%.
INFO:SIM:[442 BC] 200 new citizens of Rome are ready for war.
INFO:SIM:[442 BC] The roman republic have 3800 soldiers (without socii).
INFO:SIM:[441 BC] 3800 romans soldiers and 12000 socii soldiers faces 3000 soldiers from a neighbor.
INFO:SIM:[441 BC] The roman republic won a battle against a neighbor. The war advances.
INFO:SIM:[441 BC] After this battle, the senatorial pro-war faction gain influence at the expanse of the anti-war faction.
INFO:SIM:[441 BC] The pro-war faction have an influence of 100%.
INFO:SIM:[441 BC] The roman republic won the war against its neighbor. It annexes partially its territory
INFO:SIM:[441 BC] The defeated neighbor will contributes 2000 soldiers to future campaigns.
INFO:SIM:[441 BC] The socii contributes up to 14000 soldiers.
INFO:SIM:[441 BC] Size of the roman republic : 32.
INFO:SIM:[441 BC] The senatorial pro-war faction ideas are applauded after this victory.
INFO:SIM:[441 BC] The pro-war faction have an influence of 100%.
INFO:SIM:[441 BC] 200 new citizens of Rome are ready for war.
INFO:SIM:[441 BC] The roman republic have 4000 soldiers (without socii).
INFO:SIM:[440 BC] A consul seek glory. The Roman republic declare war on a neighbor.
INFO:SIM:[440 BC] 200 new citizens of Rome are ready for war.
INFO:SIM:[440 BC] The roman republic have 4200 soldiers (without socii).
INFO:SIM:[439 BC] 4200 romans soldiers and 14000 socii soldiers faces 3000 soldiers from a neighbor.
INFO:SIM:[439 BC] The roman republic won a battle against a neighbor. The war advances.
INFO:SIM:[439 BC] After this battle, the senatorial pro-war faction gain influence at the expanse of the anti-war faction.
INFO:SIM:[439 BC] The pro-war faction have an influence of 100%.
INFO:SIM:[439 BC] 200 new citizens of Rome are ready for war.
INFO:SIM:[439 BC] The roman republic have 4400 soldiers (without socii).
INFO:SIM:[438 BC] 4400 romans soldiers and 14000 socii soldiers faces 3000 soldiers from a neighbor.
INFO:SIM:[438 BC] The roman republic won a battle against a neighbor. The war advances.
INFO:SIM:[438 BC] After this battle, the senatorial pro-war faction gain influence at the expanse of the anti-war faction.
INFO:SIM:[438 BC] The pro-war faction have an influence of 100%.
INFO:SIM:[437 BC] 4400 romans soldiers and 14000 socii soldiers faces 3000 soldiers from a neighbor.
INFO:SIM:[437 BC] The roman republic won a battle against a neighbor. The war advances.
INFO:SIM:[437 BC] After this battle, the senatorial pro-war faction gain influence at the expanse of the anti-war faction.
INFO:SIM:[437 BC] The pro-war faction have an influence of 100%.
INFO:SIM:[436 BC] 4400 romans soldiers and 14000 socii soldiers faces 3000 soldiers from a neighbor.
INFO:SIM:[436 BC] The roman republic lost a battle against a neighbor. The war stalls.
INFO:SIM:[436 BC] 200 romans soldiers died.
INFO:SIM:[436 BC] After this battle, the senatorial anti-war faction gain influence at the expanse of the pro-war faction.
INFO:SIM:[436 BC] The pro-war faction have an influence of 95%.
INFO:SIM:[435 BC] 4200 romans soldiers and 14000 socii soldiers faces 3000 soldiers from a neighbor.
INFO:SIM:[435 BC] The roman republic won a battle against a neighbor. The war advances.
INFO:SIM:[435 BC] After this battle, the senatorial pro-war faction gain influence at the expanse of the anti-war faction.
INFO:SIM:[435 BC] The pro-war faction have an influence of 100%.
INFO:SIM:[434 BC] 4200 romans soldiers and 14000 socii soldiers faces 3000 soldiers from a neighbor.
INFO:SIM:[434 BC] The roman republic lost a battle against a neighbor. The war stalls.
INFO:SIM:[434 BC] 200 romans soldiers died.
INFO:SIM:[434 BC] After this battle, the senatorial anti-war faction gain influence at the expanse of the pro-war faction.
INFO:SIM:[434 BC] The pro-war faction have an influence of 95%.
INFO:SIM:[433 BC] 4000 romans soldiers and 14000 socii soldiers faces 3000 soldiers from a neighbor.
INFO:SIM:[433 BC] The roman republic won a battle against a neighbor. The war advances.
INFO:SIM:[433 BC] After this battle, the senatorial pro-war faction gain influence at the expanse of the anti-war faction.
INFO:SIM:[433 BC] The pro-war faction have an influence of 100%.
INFO:SIM:[432 BC] 4000 romans soldiers and 14000 socii soldiers faces 3000 soldiers from a neighbor.
INFO:SIM:[432 BC] The roman republic won a battle against a neighbor. The war advances.
INFO:SIM:[432 BC] After this battle, the senatorial pro-war faction gain influence at the expanse of the anti-war faction.
INFO:SIM:[432 BC] The pro-war faction have an influence of 100%.
INFO:SIM:[432 BC] The roman republic won the war against its neighbor. It annexes partially its territory
INFO:SIM:[432 BC] The defeated neighbor will contributes 2000 soldiers to future campaigns.
INFO:SIM:[432 BC] The socii contributes up to 16000 soldiers.
INFO:SIM:[432 BC] Size of the roman republic : 36.
INFO:SIM:[432 BC] The senatorial pro-war faction ideas are applauded after this victory.
INFO:SIM:[432 BC] The pro-war faction have an influence of 100%.
INFO:SIM:[432 BC] A consul seek glory. The Roman republic declare war on a neighbor.
INFO:SIM:[431 BC] 4000 romans soldiers and 16000 socii soldiers faces 3000 soldiers from a neighbor.
INFO:SIM:[431 BC] The roman republic won a battle against a neighbor. The war advances.
INFO:SIM:[431 BC] After this battle, the senatorial pro-war faction gain influence at the expanse of the anti-war faction.
INFO:SIM:[431 BC] The pro-war faction have an influence of 100%.
INFO:SIM:[431 BC] 200 new citizens of Rome are ready for war.
INFO:SIM:[431 BC] The roman republic have 4200 soldiers (without socii).
INFO:SIM:[430 BC] 4200 romans soldiers and 16000 socii soldiers faces 3000 soldiers from a neighbor.
INFO:SIM:[430 BC] The roman republic won a battle against a neighbor. The war advances.
INFO:SIM:[430 BC] After this battle, the senatorial pro-war faction gain influence at the expanse of the anti-war faction.
INFO:SIM:[430 BC] The pro-war faction have an influence of 100%.
INFO:SIM:[430 BC] 200 new citizens of Rome are ready for war.
INFO:SIM:[430 BC] The roman republic have 4400 soldiers (without socii).
INFO:SIM:[429 BC] 4400 romans soldiers and 16000 socii soldiers faces 3000 soldiers from a neighbor.
INFO:SIM:[429 BC] The roman republic won a battle against a neighbor. The war advances.
INFO:SIM:[429 BC] After this battle, the senatorial pro-war faction gain influence at the expanse of the anti-war faction.
INFO:SIM:[429 BC] The pro-war faction have an influence of 100%.
INFO:SIM:[428 BC] 4400 romans soldiers and 16000 socii soldiers faces 3000 soldiers from a neighbor.
INFO:SIM:[428 BC] The roman republic lost a battle against a neighbor. The war stalls.
INFO:SIM:[428 BC] 200 romans soldiers died.
INFO:SIM:[428 BC] After this battle, the senatorial anti-war faction gain influence at the expanse of the pro-war faction.
INFO:SIM:[428 BC] The pro-war faction have an influence of 95%.
INFO:SIM:[427 BC] 4200 romans soldiers and 16000 socii soldiers faces 3000 soldiers from a neighbor.
INFO:SIM:[427 BC] The roman republic won a battle against a neighbor. The war advances.
INFO:SIM:[427 BC] After this battle, the senatorial pro-war faction gain influence at the expanse of the anti-war faction.
INFO:SIM:[427 BC] The pro-war faction have an influence of 100%.
INFO:SIM:[426 BC] 4200 romans soldiers and 16000 socii soldiers faces 3000 soldiers from a neighbor.
INFO:SIM:[426 BC] The roman republic won a battle against a neighbor. The war advances.
INFO:SIM:[426 BC] After this battle, the senatorial pro-war faction gain influence at the expanse of the anti-war faction.
INFO:SIM:[426 BC] The pro-war faction have an influence of 100%.
INFO:SIM:[426 BC] The roman republic won the war against its neighbor. It annexes partially its territory
INFO:SIM:[426 BC] The defeated neighbor will contributes 2000 soldiers to future campaigns.
INFO:SIM:[426 BC] The socii contributes up to 18000 soldiers.
INFO:SIM:[426 BC] Size of the roman republic : 40.
INFO:SIM:[426 BC] The senatorial pro-war faction ideas are applauded after this victory.
INFO:SIM:[426 BC] The pro-war faction have an influence of 100%.
INFO:SIM:[426 BC] 200 new citizens of Rome are ready for war.
INFO:SIM:[426 BC] The roman republic have 4400 soldiers (without socii).
INFO:SIM:[423 BC] 200 new citizens of Rome are ready for war.
INFO:SIM:[423 BC] The roman republic have 4600 soldiers (without socii).
INFO:SIM:[422 BC] 200 new citizens of Rome are ready for war.
INFO:SIM:[422 BC] The roman republic have 4800 soldiers (without socii).
INFO:SIM:[421 BC] A consul seek glory. The Roman republic declare war on a neighbor.
INFO:SIM:[420 BC] 4800 romans soldiers and 18000 socii soldiers faces 3000 soldiers from a neighbor.
INFO:SIM:[420 BC] The roman republic won a battle against a neighbor. The war advances.
INFO:SIM:[420 BC] After this battle, the senatorial pro-war faction gain influence at the expanse of the anti-war faction.
INFO:SIM:[420 BC] The pro-war faction have an influence of 100%.
INFO:SIM:[420 BC] 200 new citizens of Rome are ready for war.
INFO:SIM:[420 BC] The roman republic have 5000 soldiers (without socii).
INFO:SIM:[419 BC] 5000 romans soldiers and 18000 socii soldiers faces 3000 soldiers from a neighbor.
INFO:SIM:[419 BC] The roman republic won a battle against a neighbor. The war advances.
INFO:SIM:[419 BC] After this battle, the senatorial pro-war faction gain influence at the expanse of the anti-war faction.
INFO:SIM:[419 BC] The pro-war faction have an influence of 100%.
INFO:SIM:[419 BC] 200 new citizens of Rome are ready for war.
INFO:SIM:[419 BC] The roman republic have 5200 soldiers (without socii).
INFO:SIM:[418 BC] 5200 romans soldiers and 18000 socii soldiers faces 3000 soldiers from a neighbor.
INFO:SIM:[418 BC] The roman republic won a battle against a neighbor. The war advances.
INFO:SIM:[418 BC] After this battle, the senatorial pro-war faction gain influence at the expanse of the anti-war faction.
INFO:SIM:[418 BC] The pro-war faction have an influence of 100%.
INFO:SIM:[417 BC] 5200 romans soldiers and 18000 socii soldiers faces 3000 soldiers from a neighbor.
INFO:SIM:[417 BC] The roman republic lost a battle against a neighbor. The war stalls.
INFO:SIM:[417 BC] 200 romans soldiers died.
INFO:SIM:[417 BC] After this battle, the senatorial anti-war faction gain influence at the expanse of the pro-war faction.
INFO:SIM:[417 BC] The pro-war faction have an influence of 95%.
INFO:SIM:[417 BC] 200 new citizens of Rome are ready for war.
INFO:SIM:[417 BC] The roman republic have 5200 soldiers (without socii).
INFO:SIM:[416 BC] 5200 romans soldiers and 18000 socii soldiers faces 3000 soldiers from a neighbor.
INFO:SIM:[416 BC] The roman republic won a battle against a neighbor. The war advances.
INFO:SIM:[416 BC] After this battle, the senatorial pro-war faction gain influence at the expanse of the anti-war faction.
INFO:SIM:[416 BC] The pro-war faction have an influence of 100%.
INFO:SIM:[415 BC] 5200 romans soldiers and 18000 socii soldiers faces 3000 soldiers from a neighbor.
INFO:SIM:[415 BC] The roman republic won a battle against a neighbor. The war advances.
INFO:SIM:[415 BC] After this battle, the senatorial pro-war faction gain influence at the expanse of the anti-war faction.
INFO:SIM:[415 BC] The pro-war faction have an influence of 100%.
INFO:SIM:[415 BC] The roman republic won the war against its neighbor. It annexes partially its territory
INFO:SIM:[415 BC] The defeated neighbor will contributes 2000 soldiers to future campaigns.
INFO:SIM:[415 BC] The socii contributes up to 20000 soldiers.
INFO:SIM:[415 BC] Size of the roman republic : 44.
INFO:SIM:[415 BC] The senatorial pro-war faction ideas are applauded after this victory.
INFO:SIM:[415 BC] The pro-war faction have an influence of 100%.
